CRITICAL - 2020-08-27 19:45:40 --> Call to a member function login() on null
#0 /var/www/html/hackathonpelavida/back-end/system/CodeIgniter.php(918): App\Controllers\Usuario->login()
#1 /var/www/html/hackathonpelavida/back-end/system/CodeIgniter.php(404): CodeIgniter\CodeIgniter->runController()
#2 /var/www/html/hackathonpelavida/back-end/system/CodeIgniter.php(312): CodeIgniter\CodeIgniter->handleRequest()
#3 /var/www/html/hackathonpelavida/back-end/public/index.php(45): CodeIgniter\CodeIgniter->run()
#4 {main}
CRITICAL - 2020-08-27 19:47:43 --> Call to a member function login() on null
#0 /var/www/html/hackathonpelavida/back-end/system/CodeIgniter.php(918): App\Controllers\Usuario->login()
#1 /var/www/html/hackathonpelavida/back-end/system/CodeIgniter.php(404): CodeIgniter\CodeIgniter->runController()
#2 /var/www/html/hackathonpelavida/back-end/system/CodeIgniter.php(312): CodeIgniter\CodeIgniter->handleRequest()
#3 /var/www/html/hackathonpelavida/back-end/public/index.php(45): CodeIgniter\CodeIgniter->run()
#4 {main}
CRITICAL - 2020-08-27 19:47:59 --> Call to a member function login() on null
#0 /var/www/html/hackathonpelavida/back-end/system/CodeIgniter.php(918): App\Controllers\Usuario->login()
#1 /var/www/html/hackathonpelavida/back-end/system/CodeIgniter.php(404): CodeIgniter\CodeIgniter->runController()
#2 /var/www/html/hackathonpelavida/back-end/system/CodeIgniter.php(312): CodeIgniter\CodeIgniter->handleRequest()
#3 /var/www/html/hackathonpelavida/back-end/public/index.php(45): CodeIgniter\CodeIgniter->run()
#4 {main}
CRITICAL - 2020-08-27 19:48:36 --> Call to a member function login() on null
#0 /var/www/html/hackathonpelavida/back-end/system/CodeIgniter.php(918): App\Controllers\Usuario->login()
#1 /var/www/html/hackathonpelavida/back-end/system/CodeIgniter.php(404): CodeIgniter\CodeIgniter->runController()
#2 /var/www/html/hackathonpelavida/back-end/system/CodeIgniter.php(312): CodeIgniter\CodeIgniter->handleRequest()
#3 /var/www/html/hackathonpelavida/back-end/public/index.php(45): CodeIgniter\CodeIgniter->run()
#4 {main}
CRITICAL - 2020-08-27 19:53:19 --> Call to a member function login() on null
#0 /var/www/html/hackathonpelavida/back-end/system/CodeIgniter.php(918): App\Controllers\Usuario->login()
#1 /var/www/html/hackathonpelavida/back-end/system/CodeIgniter.php(404): CodeIgniter\CodeIgniter->runController()
#2 /var/www/html/hackathonpelavida/back-end/system/CodeIgniter.php(312): CodeIgniter\CodeIgniter->handleRequest()
#3 /var/www/html/hackathonpelavida/back-end/public/index.php(45): CodeIgniter\CodeIgniter->run()
#4 {main}
CRITICAL - 2020-08-27 19:53:54 --> Too few arguments to function App\Models\Usuario\UsuarioModel::login(), 0 passed in /var/www/html/hackathonpelavida/back-end/app/Controllers/Usuario.php on line 8 and exactly 1 expected
#0 /var/www/html/hackathonpelavida/back-end/app/Controllers/Usuario.php(8): App\Models\Usuario\UsuarioModel->login()
#1 /var/www/html/hackathonpelavida/back-end/system/CodeIgniter.php(918): App\Controllers\Usuario->login()
#2 /var/www/html/hackathonpelavida/back-end/system/CodeIgniter.php(404): CodeIgniter\CodeIgniter->runController()
#3 /var/www/html/hackathonpelavida/back-end/system/CodeIgniter.php(312): CodeIgniter\CodeIgniter->handleRequest()
#4 /var/www/html/hackathonpelavida/back-end/public/index.php(45): CodeIgniter\CodeIgniter->run()
#5 {main}
CRITICAL - 2020-08-27 19:54:16 --> Class '\UsuarioModel' not found
#0 /var/www/html/hackathonpelavida/back-end/system/Database/ModelFactory.php(35): CodeIgniter\Database\ModelFactory::createClass()
#1 /var/www/html/hackathonpelavida/back-end/system/Common.php(774): CodeIgniter\Database\ModelFactory::get()
#2 /var/www/html/hackathonpelavida/back-end/app/Controllers/Usuario.php(7): model()
#3 /var/www/html/hackathonpelavida/back-end/system/CodeIgniter.php(918): App\Controllers\Usuario->login()
#4 /var/www/html/hackathonpelavida/back-end/system/CodeIgniter.php(404): CodeIgniter\CodeIgniter->runController()
#5 /var/www/html/hackathonpelavida/back-end/system/CodeIgniter.php(312): CodeIgniter\CodeIgniter->handleRequest()
#6 /var/www/html/hackathonpelavida/back-end/public/index.php(45): CodeIgniter\CodeIgniter->run()
#7 {main}
CRITICAL - 2020-08-27 19:54:57 --> Too few arguments to function App\Models\Usuario\UsuarioModel::login(), 0 passed in /var/www/html/hackathonpelavida/back-end/app/Controllers/Usuario.php on line 8 and exactly 1 expected
#0 /var/www/html/hackathonpelavida/back-end/app/Controllers/Usuario.php(8): App\Models\Usuario\UsuarioModel->login()
#1 /var/www/html/hackathonpelavida/back-end/system/CodeIgniter.php(918): App\Controllers\Usuario->login()
#2 /var/www/html/hackathonpelavida/back-end/system/CodeIgniter.php(404): CodeIgniter\CodeIgniter->runController()
#3 /var/www/html/hackathonpelavida/back-end/system/CodeIgniter.php(312): CodeIgniter\CodeIgniter->handleRequest()
#4 /var/www/html/hackathonpelavida/back-end/public/index.php(45): CodeIgniter\CodeIgniter->run()
#5 {main}
CRITICAL - 2020-08-27 19:56:04 --> Call to a member function login() on null
#0 /var/www/html/hackathonpelavida/back-end/system/CodeIgniter.php(918): App\Controllers\Usuario->login()
#1 /var/www/html/hackathonpelavida/back-end/system/CodeIgniter.php(404): CodeIgniter\CodeIgniter->runController()
#2 /var/www/html/hackathonpelavida/back-end/system/CodeIgniter.php(312): CodeIgniter\CodeIgniter->handleRequest()
#3 /var/www/html/hackathonpelavida/back-end/public/index.php(45): CodeIgniter\CodeIgniter->run()
#4 {main}
CRITICAL - 2020-08-27 19:58:07 --> Call to a member function login() on null
#0 /var/www/html/hackathonpelavida/back-end/system/CodeIgniter.php(918): App\Controllers\Usuario->login()
#1 /var/www/html/hackathonpelavida/back-end/system/CodeIgniter.php(404): CodeIgniter\CodeIgniter->runController()
#2 /var/www/html/hackathonpelavida/back-end/system/CodeIgniter.php(312): CodeIgniter\CodeIgniter->handleRequest()
#3 /var/www/html/hackathonpelavida/back-end/public/index.php(45): CodeIgniter\CodeIgniter->run()
#4 {main}
CRITICAL - 2020-08-27 19:58:35 --> Call to a member function login() on null
#0 /var/www/html/hackathonpelavida/back-end/system/CodeIgniter.php(918): App\Controllers\Usuario->login()
#1 /var/www/html/hackathonpelavida/back-end/system/CodeIgniter.php(404): CodeIgniter\CodeIgniter->runController()
#2 /var/www/html/hackathonpelavida/back-end/system/CodeIgniter.php(312): CodeIgniter\CodeIgniter->handleRequest()
#3 /var/www/html/hackathonpelavida/back-end/public/index.php(45): CodeIgniter\CodeIgniter->run()
#4 {main}
CRITICAL - 2020-08-27 19:58:46 --> Call to a member function login() on null
#0 /var/www/html/hackathonpelavida/back-end/system/CodeIgniter.php(918): App\Controllers\Usuario->login()
#1 /var/www/html/hackathonpelavida/back-end/system/CodeIgniter.php(404): CodeIgniter\CodeIgniter->runController()
#2 /var/www/html/hackathonpelavida/back-end/system/CodeIgniter.php(312): CodeIgniter\CodeIgniter->handleRequest()
#3 /var/www/html/hackathonpelavida/back-end/public/index.php(45): CodeIgniter\CodeIgniter->run()
#4 {main}
CRITICAL - 2020-08-27 19:58:47 --> Call to a member function login() on null
#0 /var/www/html/hackathonpelavida/back-end/system/CodeIgniter.php(918): App\Controllers\Usuario->login()
#1 /var/www/html/hackathonpelavida/back-end/system/CodeIgniter.php(404): CodeIgniter\CodeIgniter->runController()
#2 /var/www/html/hackathonpelavida/back-end/system/CodeIgniter.php(312): CodeIgniter\CodeIgniter->handleRequest()
#3 /var/www/html/hackathonpelavida/back-end/public/index.php(45): CodeIgniter\CodeIgniter->run()
#4 {main}
CRITICAL - 2020-08-27 20:04:00 --> Illegal offset type
#0 /var/www/html/hackathonpelavida/back-end/app/Helpers/common_helper.php(35): CodeIgniter\Debug\Exceptions->errorHandler()
#1 /var/www/html/hackathonpelavida/back-end/app/Models/Usuario/UsuarioModel.php(9): send()
#2 /var/www/html/hackathonpelavida/back-end/app/Controllers/Usuario.php(8): App\Models\UsuarioModel->login()
#3 /var/www/html/hackathonpelavida/back-end/system/CodeIgniter.php(918): App\Controllers\Usuario->login()
#4 /var/www/html/hackathonpelavida/back-end/system/CodeIgniter.php(404): CodeIgniter\CodeIgniter->runController()
#5 /var/www/html/hackathonpelavida/back-end/system/CodeIgniter.php(312): CodeIgniter\CodeIgniter->handleRequest()
#6 /var/www/html/hackathonpelavida/back-end/public/index.php(45): CodeIgniter\CodeIgniter->run()
#7 {main}
CRITICAL - 2020-08-27 20:10:33 --> Cannot redeclare non static CodeIgniter\Model::$db as static App\Models\MY_Model::$db
#0 [internal function]: CodeIgniter\Debug\Exceptions->shutdownHandler()
#1 {main}
CRITICAL - 2020-08-27 20:18:47 --> Cannot redeclare non static CodeIgniter\Model::$db as static App\Models\MY_Model::$db
#0 [internal function]: CodeIgniter\Debug\Exceptions->shutdownHandler()
#1 {main}
CRITICAL - 2020-08-27 21:05:25 --> Call to undefined method CodeIgniter\Database\MySQLi\Connection::get()
#0 /var/www/html/hackathonpelavida/back-end/app/Controllers/Usuario.php(8): App\Models\UsuarioModel->login()
#1 /var/www/html/hackathonpelavida/back-end/system/CodeIgniter.php(918): App\Controllers\Usuario->login()
#2 /var/www/html/hackathonpelavida/back-end/system/CodeIgniter.php(404): CodeIgniter\CodeIgniter->runController()
#3 /var/www/html/hackathonpelavida/back-end/system/CodeIgniter.php(312): CodeIgniter\CodeIgniter->handleRequest()
#4 /var/www/html/hackathonpelavida/back-end/public/index.php(45): CodeIgniter\CodeIgniter->run()
#5 {main}
CRITICAL - 2020-08-27 21:26:48 --> syntax error, unexpected ','
#0 /var/www/html/hackathonpelavida/back-end/system/Autoloader/Autoloader.php(296): CodeIgniter\Autoloader\Autoloader->requireFile()
#1 /var/www/html/hackathonpelavida/back-end/system/Autoloader/Autoloader.php(258): CodeIgniter\Autoloader\Autoloader->loadInNamespace()
#2 [internal function]: CodeIgniter\Autoloader\Autoloader->loadClass()
#3 [internal function]: spl_autoload_call()
#4 /var/www/html/hackathonpelavida/back-end/system/Database/ModelFactory.php(74): class_exists()
#5 /var/www/html/hackathonpelavida/back-end/system/Database/ModelFactory.php(35): CodeIgniter\Database\ModelFactory::createClass()
#6 /var/www/html/hackathonpelavida/back-end/system/Common.php(774): CodeIgniter\Database\ModelFactory::get()
#7 /var/www/html/hackathonpelavida/back-end/app/Controllers/Usuario.php(7): model()
#8 /var/www/html/hackathonpelavida/back-end/system/CodeIgniter.php(890): App\Controllers\Usuario->__construct()
#9 /var/www/html/hackathonpelavida/back-end/system/CodeIgniter.php(399): CodeIgniter\CodeIgniter->createController()
#10 /var/www/html/hackathonpelavida/back-end/system/CodeIgniter.php(312): CodeIgniter\CodeIgniter->handleRequest()
#11 /var/www/html/hackathonpelavida/back-end/public/index.php(45): CodeIgniter\CodeIgniter->run()
#12 {main}
CRITICAL - 2020-08-27 21:27:28 --> syntax error, unexpected ','
#0 /var/www/html/hackathonpelavida/back-end/system/Autoloader/Autoloader.php(296): CodeIgniter\Autoloader\Autoloader->requireFile()
#1 /var/www/html/hackathonpelavida/back-end/system/Autoloader/Autoloader.php(258): CodeIgniter\Autoloader\Autoloader->loadInNamespace()
#2 [internal function]: CodeIgniter\Autoloader\Autoloader->loadClass()
#3 [internal function]: spl_autoload_call()
#4 /var/www/html/hackathonpelavida/back-end/system/Database/ModelFactory.php(74): class_exists()
#5 /var/www/html/hackathonpelavida/back-end/system/Database/ModelFactory.php(35): CodeIgniter\Database\ModelFactory::createClass()
#6 /var/www/html/hackathonpelavida/back-end/system/Common.php(774): CodeIgniter\Database\ModelFactory::get()
#7 /var/www/html/hackathonpelavida/back-end/app/Controllers/Usuario.php(7): model()
#8 /var/www/html/hackathonpelavida/back-end/system/CodeIgniter.php(890): App\Controllers\Usuario->__construct()
#9 /var/www/html/hackathonpelavida/back-end/system/CodeIgniter.php(399): CodeIgniter\CodeIgniter->createController()
#10 /var/www/html/hackathonpelavida/back-end/system/CodeIgniter.php(312): CodeIgniter\CodeIgniter->handleRequest()
#11 /var/www/html/hackathonpelavida/back-end/public/index.php(45): CodeIgniter\CodeIgniter->run()
#12 {main}
CRITICAL - 2020-08-27 21:28:38 --> syntax error, unexpected ','
#0 /var/www/html/hackathonpelavida/back-end/system/Autoloader/Autoloader.php(296): CodeIgniter\Autoloader\Autoloader->requireFile()
#1 /var/www/html/hackathonpelavida/back-end/system/Autoloader/Autoloader.php(258): CodeIgniter\Autoloader\Autoloader->loadInNamespace()
#2 [internal function]: CodeIgniter\Autoloader\Autoloader->loadClass()
#3 [internal function]: spl_autoload_call()
#4 /var/www/html/hackathonpelavida/back-end/system/Database/ModelFactory.php(74): class_exists()
#5 /var/www/html/hackathonpelavida/back-end/system/Database/ModelFactory.php(35): CodeIgniter\Database\ModelFactory::createClass()
#6 /var/www/html/hackathonpelavida/back-end/system/Common.php(774): CodeIgniter\Database\ModelFactory::get()
#7 /var/www/html/hackathonpelavida/back-end/app/Controllers/Usuario.php(7): model()
#8 /var/www/html/hackathonpelavida/back-end/system/CodeIgniter.php(890): App\Controllers\Usuario->__construct()
#9 /var/www/html/hackathonpelavida/back-end/system/CodeIgniter.php(399): CodeIgniter\CodeIgniter->createController()
#10 /var/www/html/hackathonpelavida/back-end/system/CodeIgniter.php(312): CodeIgniter\CodeIgniter->handleRequest()
#11 /var/www/html/hackathonpelavida/back-end/public/index.php(45): CodeIgniter\CodeIgniter->run()
#12 {main}
CRITICAL - 2020-08-27 21:29:35 --> syntax error, unexpected ','
#0 /var/www/html/hackathonpelavida/back-end/system/Autoloader/Autoloader.php(296): CodeIgniter\Autoloader\Autoloader->requireFile()
#1 /var/www/html/hackathonpelavida/back-end/system/Autoloader/Autoloader.php(258): CodeIgniter\Autoloader\Autoloader->loadInNamespace()
#2 [internal function]: CodeIgniter\Autoloader\Autoloader->loadClass()
#3 [internal function]: spl_autoload_call()
#4 /var/www/html/hackathonpelavida/back-end/system/Database/ModelFactory.php(74): class_exists()
#5 /var/www/html/hackathonpelavida/back-end/system/Database/ModelFactory.php(35): CodeIgniter\Database\ModelFactory::createClass()
#6 /var/www/html/hackathonpelavida/back-end/system/Common.php(774): CodeIgniter\Database\ModelFactory::get()
#7 /var/www/html/hackathonpelavida/back-end/app/Controllers/Usuario.php(7): model()
#8 /var/www/html/hackathonpelavida/back-end/system/CodeIgniter.php(890): App\Controllers\Usuario->__construct()
#9 /var/www/html/hackathonpelavida/back-end/system/CodeIgniter.php(399): CodeIgniter\CodeIgniter->createController()
#10 /var/www/html/hackathonpelavida/back-end/system/CodeIgniter.php(312): CodeIgniter\CodeIgniter->handleRequest()
#11 /var/www/html/hackathonpelavida/back-end/public/index.php(45): CodeIgniter\CodeIgniter->run()
#12 {main}
CRITICAL - 2020-08-27 21:30:55 --> syntax error, unexpected ','
#0 /var/www/html/hackathonpelavida/back-end/system/Autoloader/Autoloader.php(296): CodeIgniter\Autoloader\Autoloader->requireFile()
#1 /var/www/html/hackathonpelavida/back-end/system/Autoloader/Autoloader.php(258): CodeIgniter\Autoloader\Autoloader->loadInNamespace()
#2 [internal function]: CodeIgniter\Autoloader\Autoloader->loadClass()
#3 [internal function]: spl_autoload_call()
#4 /var/www/html/hackathonpelavida/back-end/system/Database/ModelFactory.php(74): class_exists()
#5 /var/www/html/hackathonpelavida/back-end/system/Database/ModelFactory.php(35): CodeIgniter\Database\ModelFactory::createClass()
#6 /var/www/html/hackathonpelavida/back-end/system/Common.php(774): CodeIgniter\Database\ModelFactory::get()
#7 /var/www/html/hackathonpelavida/back-end/app/Controllers/Usuario.php(7): model()
#8 /var/www/html/hackathonpelavida/back-end/system/CodeIgniter.php(890): App\Controllers\Usuario->__construct()
#9 /var/www/html/hackathonpelavida/back-end/system/CodeIgniter.php(399): CodeIgniter\CodeIgniter->createController()
#10 /var/www/html/hackathonpelavida/back-end/system/CodeIgniter.php(312): CodeIgniter\CodeIgniter->handleRequest()
#11 /var/www/html/hackathonpelavida/back-end/public/index.php(45): CodeIgniter\CodeIgniter->run()
#12 {main}
CRITICAL - 2020-08-27 22:05:18 --> Illegal string offset 'usu_nome'
#0 /var/www/html/hackathonpelavida/back-end/app/Models/Usuario/UsuarioModel.php(44): CodeIgniter\Debug\Exceptions->errorHandler()
#1 [internal function]: App\Models\UsuarioModel->App\Models\{closure}()
#2 /var/www/html/hackathonpelavida/back-end/app/Models/Usuario/UsuarioModel.php(42): array_map()
#3 /var/www/html/hackathonpelavida/back-end/app/Controllers/Usuario.php(17): App\Models\UsuarioModel->criar()
#4 /var/www/html/hackathonpelavida/back-end/system/CodeIgniter.php(918): App\Controllers\Usuario->criar()
#5 /var/www/html/hackathonpelavida/back-end/system/CodeIgniter.php(404): CodeIgniter\CodeIgniter->runController()
#6 /var/www/html/hackathonpelavida/back-end/system/CodeIgniter.php(312): CodeIgniter\CodeIgniter->handleRequest()
#7 /var/www/html/hackathonpelavida/back-end/public/index.php(45): CodeIgniter\CodeIgniter->run()
#8 {main}
CRITICAL - 2020-08-27 22:07:15 --> Illegal string offset 'usu_nome'
#0 /var/www/html/hackathonpelavida/back-end/app/Models/Usuario/UsuarioModel.php(44): CodeIgniter\Debug\Exceptions->errorHandler()
#1 [internal function]: App\Models\UsuarioModel->App\Models\{closure}()
#2 /var/www/html/hackathonpelavida/back-end/app/Models/Usuario/UsuarioModel.php(42): array_map()
#3 /var/www/html/hackathonpelavida/back-end/app/Controllers/Usuario.php(17): App\Models\UsuarioModel->cadastrar()
#4 /var/www/html/hackathonpelavida/back-end/system/CodeIgniter.php(918): App\Controllers\Usuario->cadastrar()
#5 /var/www/html/hackathonpelavida/back-end/system/CodeIgniter.php(404): CodeIgniter\CodeIgniter->runController()
#6 /var/www/html/hackathonpelavida/back-end/system/CodeIgniter.php(312): CodeIgniter\CodeIgniter->handleRequest()
#7 /var/www/html/hackathonpelavida/back-end/public/index.php(45): CodeIgniter\CodeIgniter->run()
#8 {main}
CRITICAL - 2020-08-27 22:07:50 --> Illegal string offset 'usu_nome'
#0 /var/www/html/hackathonpelavida/back-end/app/Models/Usuario/UsuarioModel.php(44): CodeIgniter\Debug\Exceptions->errorHandler()
#1 [internal function]: App\Models\UsuarioModel->App\Models\{closure}()
#2 /var/www/html/hackathonpelavida/back-end/app/Models/Usuario/UsuarioModel.php(42): array_map()
#3 /var/www/html/hackathonpelavida/back-end/app/Controllers/Usuario.php(17): App\Models\UsuarioModel->cadastrar()
#4 /var/www/html/hackathonpelavida/back-end/system/CodeIgniter.php(918): App\Controllers\Usuario->cadastrar()
#5 /var/www/html/hackathonpelavida/back-end/system/CodeIgniter.php(404): CodeIgniter\CodeIgniter->runController()
#6 /var/www/html/hackathonpelavida/back-end/system/CodeIgniter.php(312): CodeIgniter\CodeIgniter->handleRequest()
#7 /var/www/html/hackathonpelavida/back-end/public/index.php(45): CodeIgniter\CodeIgniter->run()
#8 {main}
CRITICAL - 2020-08-27 22:08:13 --> Illegal string offset 'usu_nome'
#0 /var/www/html/hackathonpelavida/back-end/app/Models/Usuario/UsuarioModel.php(44): CodeIgniter\Debug\Exceptions->errorHandler()
#1 [internal function]: App\Models\UsuarioModel->App\Models\{closure}()
#2 /var/www/html/hackathonpelavida/back-end/app/Models/Usuario/UsuarioModel.php(42): array_map()
#3 /var/www/html/hackathonpelavida/back-end/app/Controllers/Usuario.php(17): App\Models\UsuarioModel->cadastrar()
#4 /var/www/html/hackathonpelavida/back-end/system/CodeIgniter.php(918): App\Controllers\Usuario->cadastrar()
#5 /var/www/html/hackathonpelavida/back-end/system/CodeIgniter.php(404): CodeIgniter\CodeIgniter->runController()
#6 /var/www/html/hackathonpelavida/back-end/system/CodeIgniter.php(312): CodeIgniter\CodeIgniter->handleRequest()
#7 /var/www/html/hackathonpelavida/back-end/public/index.php(45): CodeIgniter\CodeIgniter->run()
#8 {main}
CRITICAL - 2020-08-27 22:08:44 --> Illegal string offset 'usu_nome'
#0 /var/www/html/hackathonpelavida/back-end/app/Models/Usuario/UsuarioModel.php(44): CodeIgniter\Debug\Exceptions->errorHandler()
#1 [internal function]: App\Models\UsuarioModel->App\Models\{closure}()
#2 /var/www/html/hackathonpelavida/back-end/app/Models/Usuario/UsuarioModel.php(42): array_map()
#3 /var/www/html/hackathonpelavida/back-end/app/Controllers/Usuario.php(17): App\Models\UsuarioModel->cadastrar()
#4 /var/www/html/hackathonpelavida/back-end/system/CodeIgniter.php(918): App\Controllers\Usuario->cadastrar()
#5 /var/www/html/hackathonpelavida/back-end/system/CodeIgniter.php(404): CodeIgniter\CodeIgniter->runController()
#6 /var/www/html/hackathonpelavida/back-end/system/CodeIgniter.php(312): CodeIgniter\CodeIgniter->handleRequest()
#7 /var/www/html/hackathonpelavida/back-end/public/index.php(45): CodeIgniter\CodeIgniter->run()
#8 {main}
CRITICAL - 2020-08-27 22:09:28 --> Illegal string offset 'usu_nome'
#0 /var/www/html/hackathonpelavida/back-end/app/Models/Usuario/UsuarioModel.php(44): CodeIgniter\Debug\Exceptions->errorHandler()
#1 [internal function]: App\Models\UsuarioModel->App\Models\{closure}()
#2 /var/www/html/hackathonpelavida/back-end/app/Models/Usuario/UsuarioModel.php(42): array_map()
#3 /var/www/html/hackathonpelavida/back-end/app/Controllers/Usuario.php(17): App\Models\UsuarioModel->cadastrar()
#4 /var/www/html/hackathonpelavida/back-end/system/CodeIgniter.php(918): App\Controllers\Usuario->cadastrar()
#5 /var/www/html/hackathonpelavida/back-end/system/CodeIgniter.php(404): CodeIgniter\CodeIgniter->runController()
#6 /var/www/html/hackathonpelavida/back-end/system/CodeIgniter.php(312): CodeIgniter\CodeIgniter->handleRequest()
#7 /var/www/html/hackathonpelavida/back-end/public/index.php(45): CodeIgniter\CodeIgniter->run()
#8 {main}
CRITICAL - 2020-08-27 22:11:11 --> Illegal string offset 'usu_nome'
#0 /var/www/html/hackathonpelavida/back-end/app/Models/Usuario/UsuarioModel.php(44): CodeIgniter\Debug\Exceptions->errorHandler()
#1 [internal function]: App\Models\UsuarioModel->App\Models\{closure}()
#2 /var/www/html/hackathonpelavida/back-end/app/Models/Usuario/UsuarioModel.php(42): array_map()
#3 /var/www/html/hackathonpelavida/back-end/app/Controllers/Usuario.php(17): App\Models\UsuarioModel->cadastrar()
#4 /var/www/html/hackathonpelavida/back-end/system/CodeIgniter.php(918): App\Controllers\Usuario->cadastrar()
#5 /var/www/html/hackathonpelavida/back-end/system/CodeIgniter.php(404): CodeIgniter\CodeIgniter->runController()
#6 /var/www/html/hackathonpelavida/back-end/system/CodeIgniter.php(312): CodeIgniter\CodeIgniter->handleRequest()
#7 /var/www/html/hackathonpelavida/back-end/public/index.php(45): CodeIgniter\CodeIgniter->run()
#8 {main}
