CRITICAL - 2020-08-25 19:53:31 --> Call to undefined function App\Controllers\send()
#0 /var/www/html/hackathonpelavida/back-end/system/CodeIgniter.php(918): App\Controllers\Home->index()
#1 /var/www/html/hackathonpelavida/back-end/system/CodeIgniter.php(404): CodeIgniter\CodeIgniter->runController()
#2 /var/www/html/hackathonpelavida/back-end/system/CodeIgniter.php(312): CodeIgniter\CodeIgniter->handleRequest()
#3 /var/www/html/hackathonpelavida/back-end/public/index.php(45): CodeIgniter\CodeIgniter->run()
#4 {main}
CRITICAL - 2020-08-25 19:55:30 --> Call to undefined function App\Controllers\send()
#0 /var/www/html/hackathonpelavida/back-end/system/CodeIgniter.php(918): App\Controllers\Usuario->index()
#1 /var/www/html/hackathonpelavida/back-end/system/CodeIgniter.php(404): CodeIgniter\CodeIgniter->runController()
#2 /var/www/html/hackathonpelavida/back-end/system/CodeIgniter.php(312): CodeIgniter\CodeIgniter->handleRequest()
#3 /var/www/html/hackathonpelavida/back-end/public/index.php(45): CodeIgniter\CodeIgniter->run()
#4 {main}
CRITICAL - 2020-08-25 19:56:36 --> syntax error, unexpected 'echo' (T_ECHO), expecting ';'
#0 /var/www/html/hackathonpelavida/back-end/system/Router/Router.php(195): CodeIgniter\Router\Router->autoRoute()
#1 /var/www/html/hackathonpelavida/back-end/system/CodeIgniter.php(793): CodeIgniter\Router\Router->handle()
#2 /var/www/html/hackathonpelavida/back-end/system/CodeIgniter.php(364): CodeIgniter\CodeIgniter->tryToRouteIt()
#3 /var/www/html/hackathonpelavida/back-end/system/CodeIgniter.php(312): CodeIgniter\CodeIgniter->handleRequest()
#4 /var/www/html/hackathonpelavida/back-end/public/index.php(45): CodeIgniter\CodeIgniter->run()
#5 {main}
CRITICAL - 2020-08-25 20:06:21 --> Call to undefined function App\Controllers\send()
#0 /var/www/html/hackathonpelavida/back-end/system/CodeIgniter.php(918): App\Controllers\Usuario->index()
#1 /var/www/html/hackathonpelavida/back-end/system/CodeIgniter.php(404): CodeIgniter\CodeIgniter->runController()
#2 /var/www/html/hackathonpelavida/back-end/system/CodeIgniter.php(312): CodeIgniter\CodeIgniter->handleRequest()
#3 /var/www/html/hackathonpelavida/back-end/public/index.php(45): CodeIgniter\CodeIgniter->run()
#4 {main}
CRITICAL - 2020-08-25 20:06:48 --> Call to undefined function App\Controllers\send()
#0 /var/www/html/hackathonpelavida/back-end/system/CodeIgniter.php(918): App\Controllers\Usuario->index()
#1 /var/www/html/hackathonpelavida/back-end/system/CodeIgniter.php(404): CodeIgniter\CodeIgniter->runController()
#2 /var/www/html/hackathonpelavida/back-end/system/CodeIgniter.php(312): CodeIgniter\CodeIgniter->handleRequest()
#3 /var/www/html/hackathonpelavida/back-end/public/index.php(45): CodeIgniter\CodeIgniter->run()
#4 {main}
CRITICAL - 2020-08-25 20:07:18 --> Call to undefined function App\Controllers\send()
#0 /var/www/html/hackathonpelavida/back-end/system/CodeIgniter.php(918): App\Controllers\Usuario->index()
#1 /var/www/html/hackathonpelavida/back-end/system/CodeIgniter.php(404): CodeIgniter\CodeIgniter->runController()
#2 /var/www/html/hackathonpelavida/back-end/system/CodeIgniter.php(312): CodeIgniter\CodeIgniter->handleRequest()
#3 /var/www/html/hackathonpelavida/back-end/public/index.php(45): CodeIgniter\CodeIgniter->run()
#4 {main}
CRITICAL - 2020-08-25 20:07:33 --> Call to undefined function App\Controllers\send()
#0 /var/www/html/hackathonpelavida/back-end/system/CodeIgniter.php(918): App\Controllers\Usuario->index()
#1 /var/www/html/hackathonpelavida/back-end/system/CodeIgniter.php(404): CodeIgniter\CodeIgniter->runController()
#2 /var/www/html/hackathonpelavida/back-end/system/CodeIgniter.php(312): CodeIgniter\CodeIgniter->handleRequest()
#3 /var/www/html/hackathonpelavida/back-end/public/index.php(45): CodeIgniter\CodeIgniter->run()
#4 {main}
CRITICAL - 2020-08-25 20:07:34 --> Call to undefined function App\Controllers\send()
#0 /var/www/html/hackathonpelavida/back-end/system/CodeIgniter.php(918): App\Controllers\Usuario->index()
#1 /var/www/html/hackathonpelavida/back-end/system/CodeIgniter.php(404): CodeIgniter\CodeIgniter->runController()
#2 /var/www/html/hackathonpelavida/back-end/system/CodeIgniter.php(312): CodeIgniter\CodeIgniter->handleRequest()
#3 /var/www/html/hackathonpelavida/back-end/public/index.php(45): CodeIgniter\CodeIgniter->run()
#4 {main}
CRITICAL - 2020-08-25 20:07:34 --> Call to undefined function App\Controllers\send()
#0 /var/www/html/hackathonpelavida/back-end/system/CodeIgniter.php(918): App\Controllers\Usuario->index()
#1 /var/www/html/hackathonpelavida/back-end/system/CodeIgniter.php(404): CodeIgniter\CodeIgniter->runController()
#2 /var/www/html/hackathonpelavida/back-end/system/CodeIgniter.php(312): CodeIgniter\CodeIgniter->handleRequest()
#3 /var/www/html/hackathonpelavida/back-end/public/index.php(45): CodeIgniter\CodeIgniter->run()
#4 {main}
CRITICAL - 2020-08-25 20:07:44 --> Call to undefined function App\Controllers\send()
#0 /var/www/html/hackathonpelavida/back-end/system/CodeIgniter.php(918): App\Controllers\Usuario->index()
#1 /var/www/html/hackathonpelavida/back-end/system/CodeIgniter.php(404): CodeIgniter\CodeIgniter->runController()
#2 /var/www/html/hackathonpelavida/back-end/system/CodeIgniter.php(312): CodeIgniter\CodeIgniter->handleRequest()
#3 /var/www/html/hackathonpelavida/back-end/public/index.php(45): CodeIgniter\CodeIgniter->run()
#4 {main}
CRITICAL - 2020-08-25 20:08:11 --> Call to undefined function App\Controllers\getContents()
#0 /var/www/html/hackathonpelavida/back-end/system/CodeIgniter.php(918): App\Controllers\Usuario->index()
#1 /var/www/html/hackathonpelavida/back-end/system/CodeIgniter.php(404): CodeIgniter\CodeIgniter->runController()
#2 /var/www/html/hackathonpelavida/back-end/system/CodeIgniter.php(312): CodeIgniter\CodeIgniter->handleRequest()
#3 /var/www/html/hackathonpelavida/back-end/public/index.php(45): CodeIgniter\CodeIgniter->run()
#4 {main}
CRITICAL - 2020-08-25 20:08:12 --> Call to undefined function App\Controllers\getContents()
#0 /var/www/html/hackathonpelavida/back-end/system/CodeIgniter.php(918): App\Controllers\Usuario->index()
#1 /var/www/html/hackathonpelavida/back-end/system/CodeIgniter.php(404): CodeIgniter\CodeIgniter->runController()
#2 /var/www/html/hackathonpelavida/back-end/system/CodeIgniter.php(312): CodeIgniter\CodeIgniter->handleRequest()
#3 /var/www/html/hackathonpelavida/back-end/public/index.php(45): CodeIgniter\CodeIgniter->run()
#4 {main}
CRITICAL - 2020-08-25 20:13:05 --> Call to undefined function App\Controllers\send()
#0 /var/www/html/hackathonpelavida/back-end/system/CodeIgniter.php(918): App\Controllers\Usuario->index()
#1 /var/www/html/hackathonpelavida/back-end/system/CodeIgniter.php(404): CodeIgniter\CodeIgniter->runController()
#2 /var/www/html/hackathonpelavida/back-end/system/CodeIgniter.php(312): CodeIgniter\CodeIgniter->handleRequest()
#3 /var/www/html/hackathonpelavida/back-end/public/index.php(45): CodeIgniter\CodeIgniter->run()
#4 {main}
CRITICAL - 2020-08-25 20:13:07 --> Call to undefined function App\Controllers\send()
#0 /var/www/html/hackathonpelavida/back-end/system/CodeIgniter.php(918): App\Controllers\Usuario->index()
#1 /var/www/html/hackathonpelavida/back-end/system/CodeIgniter.php(404): CodeIgniter\CodeIgniter->runController()
#2 /var/www/html/hackathonpelavida/back-end/system/CodeIgniter.php(312): CodeIgniter\CodeIgniter->handleRequest()
#3 /var/www/html/hackathonpelavida/back-end/public/index.php(45): CodeIgniter\CodeIgniter->run()
#4 {main}
CRITICAL - 2020-08-25 20:13:20 --> Call to undefined function App\Controllers\send()
#0 /var/www/html/hackathonpelavida/back-end/system/CodeIgniter.php(918): App\Controllers\Usuario->index()
#1 /var/www/html/hackathonpelavida/back-end/system/CodeIgniter.php(404): CodeIgniter\CodeIgniter->runController()
#2 /var/www/html/hackathonpelavida/back-end/system/CodeIgniter.php(312): CodeIgniter\CodeIgniter->handleRequest()
#3 /var/www/html/hackathonpelavida/back-end/public/index.php(45): CodeIgniter\CodeIgniter->run()
#4 {main}
CRITICAL - 2020-08-25 20:13:21 --> Call to undefined function App\Controllers\send()
#0 /var/www/html/hackathonpelavida/back-end/system/CodeIgniter.php(918): App\Controllers\Usuario->index()
#1 /var/www/html/hackathonpelavida/back-end/system/CodeIgniter.php(404): CodeIgniter\CodeIgniter->runController()
#2 /var/www/html/hackathonpelavida/back-end/system/CodeIgniter.php(312): CodeIgniter\CodeIgniter->handleRequest()
#3 /var/www/html/hackathonpelavida/back-end/public/index.php(45): CodeIgniter\CodeIgniter->run()
#4 {main}
CRITICAL - 2020-08-25 20:15:31 --> Call to undefined function App\Controllers\send()
#0 /var/www/html/hackathonpelavida/back-end/system/CodeIgniter.php(918): App\Controllers\Usuario->index()
#1 /var/www/html/hackathonpelavida/back-end/system/CodeIgniter.php(404): CodeIgniter\CodeIgniter->runController()
#2 /var/www/html/hackathonpelavida/back-end/system/CodeIgniter.php(312): CodeIgniter\CodeIgniter->handleRequest()
#3 /var/www/html/hackathonpelavida/back-end/public/index.php(45): CodeIgniter\CodeIgniter->run()
#4 {main}
CRITICAL - 2020-08-25 20:15:49 --> Call to undefined function App\Controllers\send()
#0 /var/www/html/hackathonpelavida/back-end/system/CodeIgniter.php(918): App\Controllers\Usuario->index()
#1 /var/www/html/hackathonpelavida/back-end/system/CodeIgniter.php(404): CodeIgniter\CodeIgniter->runController()
#2 /var/www/html/hackathonpelavida/back-end/system/CodeIgniter.php(312): CodeIgniter\CodeIgniter->handleRequest()
#3 /var/www/html/hackathonpelavida/back-end/public/index.php(45): CodeIgniter\CodeIgniter->run()
#4 {main}
CRITICAL - 2020-08-25 20:16:18 --> Call to undefined function App\Controllers\send()
#0 /var/www/html/hackathonpelavida/back-end/system/CodeIgniter.php(918): App\Controllers\Usuario->index()
#1 /var/www/html/hackathonpelavida/back-end/system/CodeIgniter.php(404): CodeIgniter\CodeIgniter->runController()
#2 /var/www/html/hackathonpelavida/back-end/system/CodeIgniter.php(312): CodeIgniter\CodeIgniter->handleRequest()
#3 /var/www/html/hackathonpelavida/back-end/public/index.php(45): CodeIgniter\CodeIgniter->run()
#4 {main}
CRITICAL - 2020-08-25 20:17:52 --> Call to undefined function App\Controllers\send()
#0 /var/www/html/hackathonpelavida/back-end/system/CodeIgniter.php(918): App\Controllers\Usuario->index()
#1 /var/www/html/hackathonpelavida/back-end/system/CodeIgniter.php(404): CodeIgniter\CodeIgniter->runController()
#2 /var/www/html/hackathonpelavida/back-end/system/CodeIgniter.php(312): CodeIgniter\CodeIgniter->handleRequest()
#3 /var/www/html/hackathonpelavida/back-end/public/index.php(45): CodeIgniter\CodeIgniter->run()
#4 {main}
CRITICAL - 2020-08-25 20:18:12 --> Call to undefined function App\Controllers\getContents()
#0 /var/www/html/hackathonpelavida/back-end/system/CodeIgniter.php(918): App\Controllers\Usuario->index()
#1 /var/www/html/hackathonpelavida/back-end/system/CodeIgniter.php(404): CodeIgniter\CodeIgniter->runController()
#2 /var/www/html/hackathonpelavida/back-end/system/CodeIgniter.php(312): CodeIgniter\CodeIgniter->handleRequest()
#3 /var/www/html/hackathonpelavida/back-end/public/index.php(45): CodeIgniter\CodeIgniter->run()
#4 {main}
CRITICAL - 2020-08-25 20:18:42 --> Call to undefined function App\Controllers\getContents()
#0 /var/www/html/hackathonpelavida/back-end/system/CodeIgniter.php(918): App\Controllers\Usuario->index()
#1 /var/www/html/hackathonpelavida/back-end/system/CodeIgniter.php(404): CodeIgniter\CodeIgniter->runController()
#2 /var/www/html/hackathonpelavida/back-end/system/CodeIgniter.php(312): CodeIgniter\CodeIgniter->handleRequest()
#3 /var/www/html/hackathonpelavida/back-end/public/index.php(45): CodeIgniter\CodeIgniter->run()
#4 {main}
CRITICAL - 2020-08-25 20:18:55 --> Call to undefined function App\Controllers\teste()
#0 /var/www/html/hackathonpelavida/back-end/system/CodeIgniter.php(918): App\Controllers\Usuario->index()
#1 /var/www/html/hackathonpelavida/back-end/system/CodeIgniter.php(404): CodeIgniter\CodeIgniter->runController()
#2 /var/www/html/hackathonpelavida/back-end/system/CodeIgniter.php(312): CodeIgniter\CodeIgniter->handleRequest()
#3 /var/www/html/hackathonpelavida/back-end/public/index.php(45): CodeIgniter\CodeIgniter->run()
#4 {main}
