CRITICAL - 2020-08-29 13:44:49 --> Call to undefined method App\Controllers\Acompanhamento::template()
#0 C:\Users\Oniva\hackathonpelavida\front\system\CodeIgniter.php(918): App\Controllers\Acompanhamento->index()
#1 C:\Users\Oniva\hackathonpelavida\front\system\CodeIgniter.php(404): CodeIgniter\CodeIgniter->runController(Object(App\Controllers\Acompanhamento))
#2 C:\Users\Oniva\hackathonpelavida\front\system\CodeIgniter.php(312): CodeIgniter\CodeIgniter->handleRequest(NULL, Object(Config\Cache), false)
#3 C:\Users\Oniva\hackathonpelavida\front\public\index.php(45): CodeIgniter\CodeIgniter->run()
#4 {main}
CRITICAL - 2020-08-29 13:45:31 --> Call to a member function template() on null
#0 C:\Users\Oniva\hackathonpelavida\front\system\CodeIgniter.php(918): App\Controllers\Acompanhamento->index()
#1 C:\Users\Oniva\hackathonpelavida\front\system\CodeIgniter.php(404): CodeIgniter\CodeIgniter->runController(Object(App\Controllers\Acompanhamento))
#2 C:\Users\Oniva\hackathonpelavida\front\system\CodeIgniter.php(312): CodeIgniter\CodeIgniter->handleRequest(NULL, Object(Config\Cache), false)
#3 C:\Users\Oniva\hackathonpelavida\front\public\index.php(45): CodeIgniter\CodeIgniter->run()
#4 {main}
CRITICAL - 2020-08-29 13:46:42 --> Call to undefined method App\Controllers\Acompanhamento::template()
#0 C:\Users\Oniva\hackathonpelavida\front\system\CodeIgniter.php(918): App\Controllers\Acompanhamento->index()
#1 C:\Users\Oniva\hackathonpelavida\front\system\CodeIgniter.php(404): CodeIgniter\CodeIgniter->runController(Object(App\Controllers\Acompanhamento))
#2 C:\Users\Oniva\hackathonpelavida\front\system\CodeIgniter.php(312): CodeIgniter\CodeIgniter->handleRequest(NULL, Object(Config\Cache), false)
#3 C:\Users\Oniva\hackathonpelavida\front\public\index.php(45): CodeIgniter\CodeIgniter->run()
#4 {main}
CRITICAL - 2020-08-29 13:46:43 --> Call to undefined method App\Controllers\Acompanhamento::template()
#0 C:\Users\Oniva\hackathonpelavida\front\system\CodeIgniter.php(918): App\Controllers\Acompanhamento->index()
#1 C:\Users\Oniva\hackathonpelavida\front\system\CodeIgniter.php(404): CodeIgniter\CodeIgniter->runController(Object(App\Controllers\Acompanhamento))
#2 C:\Users\Oniva\hackathonpelavida\front\system\CodeIgniter.php(312): CodeIgniter\CodeIgniter->handleRequest(NULL, Object(Config\Cache), false)
#3 C:\Users\Oniva\hackathonpelavida\front\public\index.php(45): CodeIgniter\CodeIgniter->run()
#4 {main}
CRITICAL - 2020-08-29 13:46:44 --> Call to undefined method App\Controllers\Acompanhamento::template()
#0 C:\Users\Oniva\hackathonpelavida\front\system\CodeIgniter.php(918): App\Controllers\Acompanhamento->index()
#1 C:\Users\Oniva\hackathonpelavida\front\system\CodeIgniter.php(404): CodeIgniter\CodeIgniter->runController(Object(App\Controllers\Acompanhamento))
#2 C:\Users\Oniva\hackathonpelavida\front\system\CodeIgniter.php(312): CodeIgniter\CodeIgniter->handleRequest(NULL, Object(Config\Cache), false)
#3 C:\Users\Oniva\hackathonpelavida\front\public\index.php(45): CodeIgniter\CodeIgniter->run()
#4 {main}
CRITICAL - 2020-08-29 13:47:14 --> Argument 2 passed to App\Controllers\BaseController::template() must be of the type array, null given, called in C:\Users\Oniva\hackathonpelavida\front\app\Controllers\Acompanhamento.php on line 7
#0 C:\Users\Oniva\hackathonpelavida\front\app\Controllers\Acompanhamento.php(7): App\Controllers\BaseController->template('cadastros/acomp...', NULL)
#1 C:\Users\Oniva\hackathonpelavida\front\system\CodeIgniter.php(918): App\Controllers\Acompanhamento->index()
#2 C:\Users\Oniva\hackathonpelavida\front\system\CodeIgniter.php(404): CodeIgniter\CodeIgniter->runController(Object(App\Controllers\Acompanhamento))
#3 C:\Users\Oniva\hackathonpelavida\front\system\CodeIgniter.php(312): CodeIgniter\CodeIgniter->handleRequest(NULL, Object(Config\Cache), false)
#4 C:\Users\Oniva\hackathonpelavida\front\public\index.php(45): CodeIgniter\CodeIgniter->run()
#5 {main}
CRITICAL - 2020-08-29 13:49:12 --> Too few arguments to function App\Controllers\BaseController::template(), 1 passed in C:\Users\Oniva\hackathonpelavida\front\app\Controllers\Empresa.php on line 7 and exactly 2 expected
#0 C:\Users\Oniva\hackathonpelavida\front\app\Controllers\Empresa.php(7): App\Controllers\BaseController->template('cadastros/empre...')
#1 C:\Users\Oniva\hackathonpelavida\front\system\CodeIgniter.php(918): App\Controllers\Empresa->index()
#2 C:\Users\Oniva\hackathonpelavida\front\system\CodeIgniter.php(404): CodeIgniter\CodeIgniter->runController(Object(App\Controllers\Empresa))
#3 C:\Users\Oniva\hackathonpelavida\front\system\CodeIgniter.php(312): CodeIgniter\CodeIgniter->handleRequest(NULL, Object(Config\Cache), false)
#4 C:\Users\Oniva\hackathonpelavida\front\public\index.php(45): CodeIgniter\CodeIgniter->run()
#5 {main}
CRITICAL - 2020-08-29 14:07:09 --> syntax error, unexpected 'public' (T_PUBLIC)
#0 C:\Users\Oniva\hackathonpelavida\front\system\Autoloader\Autoloader.php(296): CodeIgniter\Autoloader\Autoloader->requireFile('C:\\Users\\Oniva\\...')
#1 C:\Users\Oniva\hackathonpelavida\front\system\Autoloader\Autoloader.php(258): CodeIgniter\Autoloader\Autoloader->loadInNamespace('App\\Controllers...')
#2 [internal function]: CodeIgniter\Autoloader\Autoloader->loadClass('App\\Controllers...')
#3 C:\Users\Oniva\hackathonpelavida\front\app\Controllers\Empresa.php(3): spl_autoload_call('App\\Controllers...')
#4 C:\Users\Oniva\hackathonpelavida\front\system\Router\Router.php(583): include_once('C:\\Users\\Oniva\\...')
#5 C:\Users\Oniva\hackathonpelavida\front\system\Router\Router.php(195): CodeIgniter\Router\Router->autoRoute('Empresa')
#6 C:\Users\Oniva\hackathonpelavida\front\system\CodeIgniter.php(793): CodeIgniter\Router\Router->handle('Empresa')
#7 C:\Users\Oniva\hackathonpelavida\front\system\CodeIgniter.php(364): CodeIgniter\CodeIgniter->tryToRouteIt(Object(CodeIgniter\Router\RouteCollection))
#8 C:\Users\Oniva\hackathonpelavida\front\system\CodeIgniter.php(312): CodeIgniter\CodeIgniter->handleRequest(NULL, Object(Config\Cache), false)
#9 C:\Users\Oniva\hackathonpelavida\front\public\index.php(45): CodeIgniter\CodeIgniter->run()
#10 {main}
